Sat Feb 23 2019 22:07:49 GMT+0100 (Central European Standard Time):GET /
Sat Feb 23 2019 22:07:57 GMT+0100 (Central European Standard Time):GET /
Sat Feb 23 2019 22:07:59 GMT+0100 (Central European Standard Time):GET /about
Sat Feb 23 2019 22:08:00 GMT+0100 (Central European Standard Time):GET /about
Sat Feb 23 2019 22:08:00 GMT+0100 (Central European Standard Time):GET /
Sat Feb 23 2019 22:08:01 GMT+0100 (Central European Standard Time):GET /about
Sat Feb 23 2019 22:08:01 GMT+0100 (Central European Standard Time):GET /
Sat Feb 23 2019 22:08:02 GMT+0100 (Central European Standard Time):GET /about
Sat Feb 23 2019 22:08:02 GMT+0100 (Central European Standard Time):GET /
Sat Feb 23 2019 22:08:03 GMT+0100 (Central European Standard Time):GET /
Sat Feb 23 2019 22:08:04 GMT+0100 (Central European Standard Time):GET /about
Sat Feb 23 2019 22:12:11 GMT+0100 (Central European Standard Time):GET /about
Sat Feb 23 2019 22:12:54 GMT+0100 (Central European Standard Time):GET /about
Sat Feb 23 2019 22:12:55 GMT+0100 (Central European Standard Time):GET /about
Sat Feb 23 2019 22:12:56 GMT+0100 (Central European Standard Time):GET /about
Sat Feb 23 2019 22:14:12 GMT+0100 (Central European Standard Time):GET /about
Sat Feb 23 2019 22:16:35 GMT+0100 (Central European Standard Time):GET /about
Sat Feb 23 2019 22:16:36 GMT+0100 (Central European Standard Time):GET /about
Sat Feb 23 2019 22:16:37 GMT+0100 (Central European Standard Time):GET /about
Sat Feb 23 2019 22:16:38 GMT+0100 (Central European Standard Time):GET /about
Sat Feb 23 2019 22:16:38 GMT+0100 (Central European Standard Time):GET /about
Sat Feb 23 2019 22:16:39 GMT+0100 (Central European Standard Time):GET /about
Sat Feb 23 2019 22:16:39 GMT+0100 (Central European Standard Time):GET /about
Sat Feb 23 2019 22:17:58 GMT+0100 (Central European Standard Time):GET /help.html
Sat Feb 23 2019 22:17:59 GMT+0100 (Central European Standard Time):GET /help.html
Sat Feb 23 2019 22:18:00 GMT+0100 (Central European Standard Time):GET /help.html
Sat Feb 23 2019 22:18:45 GMT+0100 (Central European Standard Time):GET /help.html
Sat Feb 23 2019 22:18:53 GMT+0100 (Central European Standard Time):GET /
Sun Feb 24 2019 11:44:43 GMT+0100 (Central European Standard Time):GET /
Sun Feb 24 2019 11:44:44 GMT+0100 (Central European Standard Time):GET /
Sun Feb 24 2019 12:00:30 GMT+0100 (Central European Standard Time):GET /
Sun Feb 24 2019 12:00:41 GMT+0100 (Central European Standard Time):GET /
Sun Feb 24 2019 12:00:42 GMT+0100 (Central European Standard Time):GET /about
Sun Feb 24 2019 12:00:50 GMT+0100 (Central European Standard Time):GET /about
Sun Feb 24 2019 12:00:52 GMT+0100 (Central European Standard Time):GET /
Sun Feb 24 2019 12:00:53 GMT+0100 (Central European Standard Time):GET /
Sun Feb 24 2019 12:00:53 GMT+0100 (Central European Standard Time):GET /
Sun Feb 24 2019 12:00:54 GMT+0100 (Central European Standard Time):GET /about
